<?xml version="1.0" encoding="UTF-8"?>
<!-- Generated by org.testng.reporters.JUnitReportReporter -->
<testsuite skipped="0" hostname="DESKTOP-63KP7P9" name="com.richa.testcases.LoginTest" tests="1" failures="0" timestamp="2020-07-07T17:54:55 EDT" time="15.453" errors="0">
  <testcase name="verifyLogin" time="15.453" classname="com.richa.testcases.LoginTest"/>
  <system-out/>
</testsuite> <!-- com.richa.testcases.LoginTest -->
